<?xml version="1.0" encoding="UTF-8"?>
<!-- Generated by org.testng.reporters.JUnitReportReporter -->
<testsuite skipped="0" hostname="Muthukumar" name="Academy.HomePage" tests="2" failures="0" timestamp="2022-02-19T18:16:45 IST" time="16.065" errors="0">
  <testcase name="basePageNavigation" time="12.158" classname="Academy.HomePage"/>
  <system-out/>
  <testcase name="basePageNavigation2" time="3.907" classname="Academy.HomePage"/>
  <system-out/>
</testsuite> <!-- Academy.HomePage -->
