<?xml version="1.0" encoding="UTF-8"?>
<!-- Generated by org.testng.reporters.JUnitReportReporter -->
<testsuite skipped="0" hostname="Muthukumar" name="testcases.HomePage" tests="2" failures="0" timestamp="2022-02-26T05:33:02 IST" time="29.362" errors="0">
  <testcase name="basePageNavigation2" time="20.398" classname="testcases.HomePage"/>
  <system-out/>
  <testcase name="basePageNavigation" time="8.964" classname="testcases.HomePage"/>
  <system-out/>
</testsuite> <!-- testcases.HomePage -->
