<?xml version="1.0" encoding="UTF-8"?>
<!-- Generated by org.testng.reporters.JUnitReportReporter -->
<testsuite skipped="0" hostname="Muthukumar" name="testcases.AudiTest" tests="1" failures="0" timestamp="2022-02-26T19:22:08 IST" time="48.825" errors="0">
  <testcase name="AudiLoginTest" time="48.825" classname="testcases.AudiTest"/>
  <system-out/>
</testsuite> <!-- testcases.AudiTest -->
