<?xml version="1.0" encoding="UTF-8"?>
<!-- Generated by org.testng.reporters.JUnitReportReporter -->
<testsuite hostname="Muthukumar" name="testcases.HomePage" tests="2" failures="0" timestamp="26 Feb 2022 00:04:17 GMT" time="13.041" errors="0">
  <testcase name="basePageNavigation" time="7.122" classname="testcases.HomePage"/>
  <testcase name="basePageNavigation2" time="5.919" classname="testcases.HomePage"/>
</testsuite> <!-- testcases.HomePage -->
