<?xml version="1.0" encoding="UTF-8"?>
<!-- Generated by org.testng.reporters.JUnitReportReporter -->
<testsuite hostname="Muthukumar" name="testcases.HomePage" tests="2" failures="0" timestamp="26 Feb 2022 13:11:17 GMT" time="21.480" errors="0">
  <testcase name="basePageNavigation2" time="7.676" classname="testcases.HomePage"/>
  <testcase name="basePageNavigation" time="13.804" classname="testcases.HomePage"/>
</testsuite> <!-- testcases.HomePage -->
